
/home/runner/work/exp-forging-hammer-impulse-excitation-nitk/exp-forging-hammer-impulse-excitation-nitk/experiment/simulation/js/Input.js
   1:7   warning  'NumberInput' is defined but never used  no-unused-vars
  21:27  warning  'createInput' is not defined             no-undef
  32:31  warning  'createSlider' is not defined            no-undef
  55:13  warning  'position_graph1' is not defined         no-undef
  56:13  warning  'position_graph2' is not defined         no-undef
  73:9   warning  'push' is not defined                    no-undef
  75:9   warning  'fill' is not defined                    no-undef
  76:9   warning  'strokeWeight' is not defined            no-undef
  77:9   warning  'textFont' is not defined                no-undef
  78:9   warning  'textSize' is not defined                no-undef
  79:9   warning  'text' is not defined                    no-undef
  81:9   warning  'pop' is not defined                     no-undef

/home/runner/work/exp-forging-hammer-impulse-excitation-nitk/exp-forging-hammer-impulse-excitation-nitk/experiment/simulation/js/buttonIcon.js
   1:7  warning  'Button' is defined but never used  no-unused-vars
  18:9  warning  'image' is not defined              no-undef

/home/runner/work/exp-forging-hammer-impulse-excitation-nitk/exp-forging-hammer-impulse-excitation-nitk/experiment/simulation/js/dynamic_graphs.js
   1:7   warning  'DynamicGraph' is defined but never used  no-unused-vars
  26:25  warning  'map' is not defined                      no-undef
  28:21  warning  'map' is not defined                      no-undef
  28:46  warning  'spring1' is not defined                  no-undef
  44:9   warning  'push' is not defined                     no-undef
  47:13  warning  'beginShape' is not defined               no-undef
  48:13  warning  'stroke' is not defined                   no-undef
  49:13  warning  'strokeWeight' is not defined             no-undef
  50:13  warning  'noFill' is not defined                   no-undef
  53:17  warning  'vertex' is not defined                   no-undef
  55:13  warning  'endShape' is not defined                 no-undef
  58:9   warning  'stroke' is not defined                   no-undef
  59:9   warning  'strokeWeight' is not defined             no-undef
  60:9   warning  'line' is not defined                     no-undef
  61:9   warning  'line' is not defined                     no-undef
  63:9   warning  'strokeWeight' is not defined             no-undef
  64:9   warning  'fill' is not defined                     no-undef
  65:9   warning  'textSize' is not defined                 no-undef
  66:9   warning  'text' is not defined                     no-undef
  67:9   warning  'translate' is not defined                no-undef
  68:9   warning  'rotate' is not defined                   no-undef
  68:16  warning  'radians' is not defined                  no-undef
  69:9   warning  'text' is not defined                     no-undef
  71:9   warning  'pop' is not defined                      no-undef

/home/runner/work/exp-forging-hammer-impulse-excitation-nitk/exp-forging-hammer-impulse-excitation-nitk/experiment/simulation/js/event_handling.js
   1:10  warning  'handleEvents' is defined but never used  no-unused-vars
   5:9   warning  'button1' is not defined                  no-undef
   5:20  warning  'mouseX' is not defined                   no-undef
   5:28  warning  'mouseY' is not defined                   no-undef
   5:39  warning  'page1' is not defined                    no-undef
   7:13  warning  'animation' is not defined                no-undef
   8:13  warning  'noLoop' is not defined                   no-undef
   9:13  warning  'button1' is not defined                  no-undef
   9:28  warning  'play' is not defined                     no-undef
  10:13  warning  'button1' is not defined                  no-undef
  11:13  warning  'animation' is not defined                no-undef
  12:13  warning  'touch' is not defined                    no-undef
  15:13  warning  'loop' is not defined                     no-undef
  16:13  warning  'button1' is not defined                  no-undef
  16:28  warning  'pause' is not defined                    no-undef
  17:13  warning  'button1' is not defined                  no-undef
  18:13  warning  'animation' is not defined                no-undef
  19:13  warning  'touch' is not defined                    no-undef
  22:9   warning  'button2' is not defined                  no-undef
  22:20  warning  'mouseX' is not defined                   no-undef
  22:28  warning  'mouseY' is not defined                   no-undef
  22:39  warning  'page1' is not defined                    no-undef
  23:9   warning  'position_graph1' is not defined          no-undef
  24:9   warning  'position_graph2' is not defined          no-undef
  25:9   warning  'page1' is not defined                    no-undef
  26:9   warning  'page2' is not defined                    no-undef
  33:9   warning  'button3' is not defined                  no-undef
  33:20  warning  'mouseX' is not defined                   no-undef
  33:28  warning  'mouseY' is not defined                   no-undef
  33:39  warning  'page2' is not defined                    no-undef
  34:9   warning  'position_graph1' is not defined          no-undef
  35:9   warning  'position_graph2' is not defined          no-undef
  36:9   warning  'page1' is not defined                    no-undef
  37:9   warning  'page2' is not defined                    no-undef
  42:9   warning  'button4' is not defined                  no-undef
  42:20  warning  'mouseX' is not defined                   no-undef
  42:28  warning  'mouseY' is not defined                   no-undef
  42:39  warning  'page2' is not defined                    no-undef
  43:9   warning  'position_graph1' is not defined          no-undef
  44:9   warning  'position_graph2' is not defined          no-undef
  45:9   warning  'page3' is not defined                    no-undef
  46:9   warning  'page2' is not defined                    no-undef
  51:9   warning  'button5' is not defined                  no-undef
  51:20  warning  'mouseX' is not defined                   no-undef
  51:27  warning  'mouseY' is not defined                   no-undef
  51:37  warning  'page3' is not defined                    no-undef
  52:9   warning  'position_graph1' is not defined          no-undef
  53:9   warning  'position_graph2' is not defined          no-undef
  54:9   warning  'page2' is not defined                    no-undef
  55:9   warning  'page3' is not defined                    no-undef

/home/runner/work/exp-forging-hammer-impulse-excitation-nitk/exp-forging-hammer-impulse-excitation-nitk/experiment/simulation/js/graph.js
   1:7   warning  'Graph' is defined but never used  no-unused-vars
  25:9   warning  't' is not defined                 no-undef
  29:9   warning  'push' is not defined              no-undef
  34:9   warning  'beginShape' is not defined        no-undef
  35:9   warning  'stroke' is not defined            no-undef
  36:9   warning  'strokeWeight' is not defined      no-undef
  37:9   warning  'noFill' is not defined            no-undef
  42:24  warning  'map' is not defined               no-undef
  42:43  warning  'max' is not defined               no-undef
  45:13  warning  'vertex' is not defined            no-undef
  48:17  warning  'vertex' is not defined            no-undef
  52:9   warning  'endShape' is not defined          no-undef
  54:9   warning  'stroke' is not defined            no-undef
  55:9   warning  'strokeWeight' is not defined      no-undef
  56:9   warning  'line' is not defined              no-undef
  57:9   warning  'line' is not defined              no-undef
  58:9   warning  'line' is not defined              no-undef
  60:9   warning  'fill' is not defined              no-undef
  61:9   warning  'strokeWeight' is not defined      no-undef
  62:9   warning  'textSize' is not defined          no-undef
  63:9   warning  'text' is not defined              no-undef
  64:9   warning  'translate' is not defined         no-undef
  65:9   warning  'rotate' is not defined            no-undef
  65:16  warning  'radians' is not defined           no-undef
  66:9   warning  'text' is not defined              no-undef
  68:9   warning  'pop' is not defined               no-undef

/home/runner/work/exp-forging-hammer-impulse-excitation-nitk/exp-forging-hammer-impulse-excitation-nitk/experiment/simulation/js/jquery.ui.touch-punch.js
  174:4  warning  'jQuery' is not defined  no-undef

/home/runner/work/exp-forging-hammer-impulse-excitation-nitk/exp-forging-hammer-impulse-excitation-nitk/experiment/simulation/js/jquery.ui.touch-punch.min.js
  81:4  warning  'jQuery' is not defined  no-undef

/home/runner/work/exp-forging-hammer-impulse-excitation-nitk/exp-forging-hammer-impulse-excitation-nitk/experiment/simulation/js/p5.dom.js
    29:39  warning  'define' is not defined                          no-undef
    30:5   warning  'define' is not defined                          no-undef
    32:13  warning  'require' is not defined                         no-undef
   214:43  warning  'e' is defined but never used                    no-unused-vars
   289:39  warning  Invalid typeof comparison value                  valid-typeof
   579:20  warning  'i' is already defined                           no-redeclare
   674:13  warning  'ran' is assigned a value but never used         no-unused-vars
   692:18  warning  'i' is already defined                           no-redeclare
   707:18  warning  'i' is already defined                           no-redeclare
   796:7   warning  Move function declaration to function body root  no-inner-declarations
   803:11  warning  Move function declaration to function body root  no-inner-declarations
   810:12  warning  Unnecessary semicolon                            no-extra-semi
   838:9   warning  'src' is already defined                         no-redeclare
  1301:11  warning  'transform' is already defined                   no-redeclare
  1582:20  warning  'prop' is already defined                        no-redeclare

/home/runner/work/exp-forging-hammer-impulse-excitation-nitk/exp-forging-hammer-impulse-excitation-nitk/experiment/simulation/js/p5.js
      2:73    warning  'module' is not defined                                                    no-undef
      2:128   warning  'define' is not defined                                                    no-undef
      2:140   warning  'define' is not defined                                                    no-undef
      2:244   warning  'global' is not defined                                                    no-undef
      2:341   warning  'module' is defined but never used                                         no-unused-vars
      2:348   warning  'exports' is defined but never used                                        no-unused-vars
      2:452   warning  'require' is not defined                                                   no-undef
      2:752   warning  'require' is not defined                                                   no-undef
      2:819   warning  '_dereq_' is defined but never used                                        no-unused-vars
      2:827   warning  'module' is defined but never used                                         no-unused-vars
      2:834   warning  'exports' is defined but never used                                        no-unused-vars
    521:2     warning  Unnecessary semicolon                                                      no-extra-semi
   1163:66    warning  'global' is not defined                                                    no-undef
   2210:11    warning  'ArrayBuffer' is already defined as a built-in global variable             no-redeclare
   2210:24    warning  'DataView' is already defined as a built-in global variable                no-redeclare
   2210:34    warning  'Uint8Array' is already defined as a built-in global variable              no-redeclare
   2210:46    warning  'XMLHttpRequest' is already defined as a built-in global variable          no-redeclare
   2962:12    warning  Unexpected constant condition                                              no-constant-condition
   3038:15    warning  Do not access Object.prototype method 'hasOwnProperty' from target object  no-prototype-builtins
   4803:35    warning  'value2' is assigned a value but never used                                no-unused-vars
   5897:9     warning  'langTagCount' is assigned a value but never used                          no-unused-vars
   6709:11    warning  'WeakMap' is already defined as a built-in global variable                 no-redeclare
   7323:46    warning  'exports' is defined but never used                                        no-unused-vars
   7495:29    warning  'name' is defined but never used                                           no-unused-vars
   7500:27    warning  'dir' is defined but never used                                            no-unused-vars
   7505:20    warning  '_dereq_' is defined but never used                                        no-unused-vars
   7505:28    warning  'module' is defined but never used                                         no-unused-vars
   7505:35    warning  'exports' is defined but never used                                        no-unused-vars
   7542:40    warning  Do not access Object.prototype method 'isPrototypeOf' from target object   no-prototype-builtins
   7554:28    warning  Unnecessary escape character: \^                                           no-useless-escape
   7620:21    warning  Do not access Object.prototype method 'hasOwnProperty' from target object  no-prototype-builtins
   7629:20    warning  Do not access Object.prototype method 'hasOwnProperty' from target object  no-prototype-builtins
   7718:49    warning  Do not access Object.prototype method 'isPrototypeOf' from target object   no-prototype-builtins
   7720:57    warning  Do not access Object.prototype method 'isPrototypeOf' from target object   no-prototype-builtins
   7722:68    warning  Do not access Object.prototype method 'isPrototypeOf' from target object   no-prototype-builtins
   7728:64    warning  Do not access Object.prototype method 'isPrototypeOf' from target object   no-prototype-builtins
   7739:70    warning  Do not access Object.prototype method 'isPrototypeOf' from target object   no-prototype-builtins
   7968:35    warning  'exports' is defined but never used                                        no-unused-vars
   8062:1291  warning  'exports' is defined but never used                                        no-unused-vars
   8315:52    warning  'exports' is defined but never used                                        no-unused-vars
   8894:91    warning  'exports' is defined but never used                                        no-unused-vars
   9500:99    warning  'exports' is defined but never used                                        no-unused-vars
  10134:91    warning  'exports' is defined but never used                                        no-unused-vars
  10646:98    warning  'exports' is defined but never used                                        no-unused-vars
  10977:63    warning  'exports' is defined but never used                                        no-unused-vars
  11013:51    warning  'exports' is defined but never used                                        no-unused-vars
  11234:35    warning  'exports' is defined but never used                                        no-unused-vars
  11684:20    warning  Do not access Object.prototype method 'hasOwnProperty' from target object  no-prototype-builtins
  11715:27    warning  Do not access Object.prototype method 'hasOwnProperty' from target object  no-prototype-builtins
  11716:20    warning  Do not access Object.prototype method 'hasOwnProperty' from target object  no-prototype-builtins
  11730:16    warning  Do not access Object.prototype method 'hasOwnProperty' from target object  no-prototype-builtins
  11808:37    warning  Do not access Object.prototype method 'hasOwnProperty' from target object  no-prototype-builtins
  11814:40    warning  Do not access Object.prototype method 'hasOwnProperty' from target object  no-prototype-builtins
  11894:63    warning  'exports' is defined but never used                                        no-unused-vars
  12395:67    warning  'exports' is defined but never used                                        no-unused-vars
  13069:63    warning  'exports' is defined but never used                                        no-unused-vars
  13340:63    warning  'exports' is defined but never used                                        no-unused-vars
  14223:46    warning  'exports' is defined but never used                                        no-unused-vars
  14299:63    warning  'exports' is defined but never used                                        no-unused-vars
  14511:14    warning  Expected a conditional expression and instead saw an assignment            no-cond-assign
  14521:69    warning  'exports' is defined but never used                                        no-unused-vars
  15814:118   warning  'exports' is defined but never used                                        no-unused-vars
  16120:116   warning  '_dereq_' is defined but never used                                        no-unused-vars
  16120:124   warning  'module' is defined but never used                                         no-unused-vars
  16120:131   warning  'exports' is defined but never used                                        no-unused-vars
  16129:28    warning  'element' is defined but never used                                        no-unused-vars
  16203:35    warning  'exports' is defined but never used                                        no-unused-vars
  16575:46    warning  'exports' is defined but never used                                        no-unused-vars
  16971:63    warning  'exports' is defined but never used                                        no-unused-vars
  17284:38    warning  'x2' is defined but never used                                             no-unused-vars
  17284:42    warning  'y2' is defined but never used                                             no-unused-vars
  17284:46    warning  'x3' is defined but never used                                             no-unused-vars
  17284:50    warning  'y3' is defined but never used                                             no-unused-vars
  17284:54    warning  'x4' is defined but never used                                             no-unused-vars
  17284:58    warning  'y4' is defined but never used                                             no-unused-vars
  17607:63    warning  'exports' is defined but never used                                        no-unused-vars
  18200:52    warning  'exports' is defined but never used                                        no-unused-vars
  18510:34    warning  'e' is defined but never used                                              no-unused-vars
  18572:18    warning  Do not access Object.prototype method 'hasOwnProperty' from target object  no-prototype-builtins
  18581:52    warning  'exports' is defined but never used                                        no-unused-vars
  19347:75    warning  'exports' is defined but never used                                        no-unused-vars
  19592:52    warning  'exports' is defined but never used                                        no-unused-vars
  19593:10    warning  'ImageData' is already defined as a built-in global variable               no-redeclare
  20195:35    warning  'exports' is defined but never used                                        no-unused-vars
  20212:11    warning  'frames' is already defined as a built-in global variable                  no-redeclare
  20212:11    warning  'frames' is defined but never used                                         no-unused-vars
  20532:52    warning  'exports' is defined but never used                                        no-unused-vars
  20994:137   warning  'exports' is defined but never used                                        no-unused-vars
  21701:67    warning  'exports' is defined but never used                                        no-unused-vars
  22318:90    warning  'exports' is defined but never used                                        no-unused-vars
  22326:12    warning  'Request' is already defined as a built-in global variable                 no-redeclare
  22589:47    warning  Do not access Object.prototype method 'hasOwnProperty' from target object  no-prototype-builtins
  22831:18    warning  Unnecessary escape character: \"                                           no-useless-escape
  22862:12    warning  Unexpected constant condition                                              no-constant-condition
  23205:14    warning  Do not access Object.prototype method 'hasOwnProperty' from target object  no-prototype-builtins
  23274:30    warning  'msg' is defined but never used                                            no-unused-vars
  23446:31    warning  'object' is defined but never used                                         no-unused-vars
  23446:39    warning  '_filename' is defined but never used                                      no-unused-vars
  23446:50    warning  '_options' is defined but never used                                       no-unused-vars
  23708:35    warning  Unnecessary escape character: \"                                           no-useless-escape
  23708:49    warning  Unnecessary escape character: \"                                           no-useless-escape
  23709:14    warning  Unnecessary escape character: \"                                           no-useless-escape
  23709:39    warning  Unnecessary escape character: \"                                           no-useless-escape
  23759:26    warning  Unnecessary escape character: \/                                           no-useless-escape
  23761:17    warning  Unnecessary escape character: \/                                           no-useless-escape
  23803:48    warning  Unnecessary escape character: \"                                           no-useless-escape
  23803:61    warning  Unnecessary escape character: \"                                           no-useless-escape
  23867:146   warning  'exports' is defined but never used                                        no-unused-vars
  23913:22    warning  'rows' is defined but never used                                           no-unused-vars
  24547:25    warning  Unnecessary escape character: \/                                           no-useless-escape
  25026:52    warning  'exports' is defined but never used                                        no-unused-vars
  25196:52    warning  'exports' is defined but never used                                        no-unused-vars
  25995:52    warning  'exports' is defined but never used                                        no-unused-vars
  26744:16    warning  'x' is defined but never used                                              no-unused-vars
  26744:19    warning  'y' is defined but never used                                              no-unused-vars
  26744:22    warning  'z' is defined but never used                                              no-unused-vars
  26785:52    warning  'exports' is defined but never used                                        no-unused-vars
  26819:52    warning  'exports' is defined but never used                                        no-unused-vars
  27122:52    warning  'exports' is defined but never used                                        no-unused-vars
  28177:96    warning  'exports' is defined but never used                                        no-unused-vars
  28191:35    warning  'exports' is defined but never used                                        no-unused-vars
  28438:52    warning  'exports' is defined but never used                                        no-unused-vars
  28796:96    warning  'exports' is defined but never used                                        no-unused-vars
  28847:35    warning  'horizAlign' is defined but never used                                     no-unused-vars
  28847:47    warning  'vertAlign' is defined but never used                                      no-unused-vars
  28880:37    warning  'theLeading' is defined but never used                                     no-unused-vars
  28907:34    warning  'theSize' is defined but never used                                        no-unused-vars
  28938:35    warning  'theStyle' is defined but never used                                       no-unused-vars
  29041:52    warning  'exports' is defined but never used                                        no-unused-vars
  29108:30    warning  'str' is defined but never used                                            no-unused-vars
  29108:35    warning  'x' is defined but never used                                              no-unused-vars
  29108:38    warning  'y' is defined but never used                                              no-unused-vars
  29108:41    warning  'maxWidth' is defined but never used                                       no-unused-vars
  29108:51    warning  'maxHeight' is defined but never used                                      no-unused-vars
  29183:102   warning  'exports' is defined but never used                                        no-unused-vars
  29305:31    warning  'gFontSize' is defined but never used                                      no-unused-vars
  29823:5     warning  Unexpected newline between function and ( of function call                 no-unexpected-multiline
  30076:9     warning  Unexpected newline between function and ( of function call                 no-unexpected-multiline
  30257:75    warning  'exports' is defined but never used                                        no-unused-vars
  30605:52    warning  'exports' is defined but never used                                        no-unused-vars
  30876:52    warning  'exports' is defined but never used                                        no-unused-vars
  31411:52    warning  'exports' is defined but never used                                        no-unused-vars
  31580:52    warning  'exports' is defined but never used                                        no-unused-vars
  31723:52    warning  'exports' is defined but never used                                        no-unused-vars
  31739:52    warning  'exports' is defined but never used                                        no-unused-vars
  31780:38    warning  'v1' is defined but never used                                             no-unused-vars
  31780:42    warning  'v2' is defined but never used                                             no-unused-vars
  31780:46    warning  'v3' is defined but never used                                             no-unused-vars
  31780:50    warning  'a' is defined but never used                                              no-unused-vars
  31846:54    warning  'a' is defined but never used                                              no-unused-vars
  31846:57    warning  'x' is defined but never used                                              no-unused-vars
  31846:60    warning  'y' is defined but never used                                              no-unused-vars
  31846:63    warning  'z' is defined but never used                                              no-unused-vars
  31876:5     warning  Unnecessary try/catch wrapper                                              no-useless-catch
  31947:48    warning  'a' is defined but never used                                              no-unused-vars
  31947:51    warning  'x' is defined but never used                                              no-unused-vars
  31947:54    warning  'y' is defined but never used                                              no-unused-vars
  31947:57    warning  'z' is defined but never used                                              no-unused-vars
  31977:5     warning  Unnecessary try/catch wrapper                                              no-useless-catch
  32008:52    warning  'exports' is defined but never used                                        no-unused-vars
  32241:71    warning  'exports' is defined but never used                                        no-unused-vars
  32488:41    warning  'v1' is defined but never used                                             no-unused-vars
  32488:45    warning  'v2' is defined but never used                                             no-unused-vars
  32488:49    warning  'v3' is defined but never used                                             no-unused-vars
  32488:53    warning  'a' is defined but never used                                              no-unused-vars
  32542:42    warning  'v1' is defined but never used                                             no-unused-vars
  32542:46    warning  'v2' is defined but never used                                             no-unused-vars
  32542:50    warning  'v3' is defined but never used                                             no-unused-vars
  32542:54    warning  'a' is defined but never used                                              no-unused-vars
  32570:53    warning  'v1' is defined but never used                                             no-unused-vars
  32570:56    warning  'v2' is defined but never used                                             no-unused-vars
  32570:59    warning  'v3' is defined but never used                                             no-unused-vars
  32570:62    warning  'a' is defined but never used                                              no-unused-vars
  32589:52    warning  'exports' is defined but never used                                        no-unused-vars
  32769:52    warning  'exports' is defined but never used                                        no-unused-vars
  33479:102   warning  'exports' is defined but never used                                        no-unused-vars
  33552:16    warning  'isCurve' is defined but never used                                        no-unused-vars
  33552:25    warning  'isBezier' is defined but never used                                       no-unused-vars
  33552:34    warning  'isQuadratic' is defined but never used                                    no-unused-vars
  33552:47    warning  'isContour' is defined but never used                                      no-unused-vars
  33552:58    warning  'shapeKind' is defined but never used                                      no-unused-vars
  33663:75    warning  'exports' is defined but never used                                        no-unused-vars
  33822:52    warning  'exports' is defined but never used                                        no-unused-vars
  34132:41    warning  'v1' is defined but never used                                             no-unused-vars
  34132:45    warning  'v2' is defined but never used                                             no-unused-vars
  34132:49    warning  'v3' is defined but never used                                             no-unused-vars
  34132:53    warning  'a' is defined but never used                                              no-unused-vars
  34160:43    warning  'r' is defined but never used                                              no-unused-vars
  34160:46    warning  'g' is defined but never used                                              no-unused-vars
  34160:49    warning  'b' is defined but never used                                              no-unused-vars
  34160:52    warning  'a' is defined but never used                                              no-unused-vars
  34312:108   warning  'exports' is defined but never used                                        no-unused-vars
  34464:11    warning  'id' is assigned a value but never used                                    no-unused-vars
  34898:42    warning  'x' is defined but never used                                              no-unused-vars
  34898:45    warning  'y' is defined but never used                                              no-unused-vars
  34898:48    warning  'z' is defined but never used                                              no-unused-vars
  35104:71    warning  'exports' is defined but never used                                        no-unused-vars

/home/runner/work/exp-forging-hammer-impulse-excitation-nitk/exp-forging-hammer-impulse-excitation-nitk/experiment/simulation/js/p5.sound.js
     3:39  warning  'define' is not defined                                                    no-undef
     4:5   warning  'define' is not defined                                                    no-undef
     6:13  warning  'require' is not defined                                                   no-undef
    83:31  warning  'perf' is defined but never used                                           no-unused-vars
    93:16  warning  Do not access Object.prototype method 'hasOwnProperty' from target object  no-prototype-builtins
    93:64  warning  Do not access Object.prototype method 'hasOwnProperty' from target object  no-prototype-builtins
    94:29  warning  'webkitAudioContext' is not defined                                        no-undef
   100:56  warning  'AudioContext.prototype.createScriptProcessor' is assigned to itself       no-self-assign
   199:16  warning  Do not access Object.prototype method 'hasOwnProperty' from target object  no-prototype-builtins
   199:71  warning  Do not access Object.prototype method 'hasOwnProperty' from target object  no-prototype-builtins
   200:36  warning  'webkitOfflineAudioContext' is not defined                                 no-undef
   362:11  warning  'rampTime' is already defined                                              no-redeclare
   363:11  warning  'tFromNow' is already defined                                              no-redeclare
   529:18  warning  'path' is assigned to itself                                               no-self-assign
   535:17  warning  'supported' is already defined                                             no-redeclare
   541:24  warning  'i' is already defined                                                     no-redeclare
   552:18  warning  'i' is already defined                                                     no-redeclare
   553:15  warning  'extension' is already defined                                             no-redeclare
   554:15  warning  'supported' is already defined                                             no-redeclare
   562:16  warning  'i' is already defined                                                     no-redeclare
   563:13  warning  'extension' is already defined                                             no-redeclare
   564:13  warning  'supported' is already defined                                             no-redeclare
   625:9   warning  'splitStack' is already defined                                            no-redeclare
   642:42  warning  'numInputChannels' is defined but never used                               no-unused-vars
   652:51  warning  'numChannels' is defined but never used                                    no-unused-vars
   657:48  warning  'obj' is defined but never used                                            no-unused-vars
   702:13  warning  Unexpected constant condition                                              no-constant-condition
   714:48  warning  'obj' is defined but never used                                            no-unused-vars
   906:9   warning  'loggedError' is assigned a value but never used                           no-unused-vars
   927:21  warning  'e' is defined but never used                                              no-unused-vars
   949:35  warning  'e' is defined but never used                                              no-unused-vars
   962:11  warning  'self' is already defined                                                  no-redeclare
  1017:9   warning  'time' is already defined                                                  no-redeclare
  1028:13  warning  'now' is already defined                                                   no-redeclare
  1084:34  warning  'e' is defined but never used                                              no-unused-vars
  1106:11  warning  'cueEnd' is already defined                                                no-redeclare
  1198:9   warning  'time' is already defined                                                  no-redeclare
  1314:49  warning  Invalid typeof comparison value                                            valid-typeof
  1319:23  warning  Empty block statement                                                      no-empty
  1347:11  warning  'rampTime' is already defined                                              no-redeclare
  1348:11  warning  'tFromNow' is already defined                                              no-redeclare
  1469:11  warning  'cRate' is assigned a value but never used                                 no-unused-vars
  1488:27  warning  'midiToFreq' is not defined                                                no-undef
  1488:45  warning  'midiToFreq' is not defined                                                no-undef
  1694:23  warning  Empty block statement                                                      no-empty
  1731:16  warning  Do not access Object.prototype method 'hasOwnProperty' from target object  no-prototype-builtins
  1748:47  warning  'smoothing' is defined but never used                                      no-unused-vars
  1775:9   warning  Unexpected negating the left operand of 'instanceof' operator              no-unsafe-negation
  1822:9   warning  'now' is assigned a value but never used                                   no-unused-vars
  1875:11  warning  'data' is assigned a value but never used                                  no-unused-vars
  1945:76  warning  'p' is defined but never used                                              no-unused-vars
  1966:53  warning  'i' is defined but never used                                              no-unused-vars
  1967:7   warning  Unnecessary try/catch wrapper                                              no-useless-catch
  2001:13  warning  'dif' is assigned a value but never used                                   no-unused-vars
  2121:34  warning  Empty block statement                                                      no-empty
  2297:16  warning  Do not access Object.prototype method 'hasOwnProperty' from target object  no-prototype-builtins
  2306:49  warning  'unit' is defined but never used                                           no-unused-vars
  2611:11  warning  'normalArray' is already defined                                           no-redeclare
  2612:16  warning  'i' is already defined                                                     no-redeclare
  2691:9   warning  'bins' is assigned a value but never used                                  no-unused-vars
  2904:9   warning  'N' is already defined                                                     no-redeclare
  2966:9   warning  'N' is already defined                                                     no-redeclare
  2968:9   warning  'fCtr0' is already defined                                                 no-redeclare
  3412:1   warning  'Tone_signal_SignalBase' is assigned a value but never used                no-unused-vars
  3532:56  warning  Unnecessary escape character: \:                                           no-useless-escape
  3693:51  warning  Unnecessary escape character: \(                                           no-useless-escape
  3693:53  warning  Unnecessary escape character: \)                                           no-useless-escape
  3715:39  warning  Unnecessary escape character: \(                                           no-useless-escape
  3715:41  warning  Unnecessary escape character: \)                                           no-useless-escape
  3715:45  warning  Unnecessary escape character: \+                                           no-useless-escape
  3715:47  warning  Unnecessary escape character: \/                                           no-useless-escape
  3715:49  warning  Unnecessary escape character: \*                                           no-useless-escape
  4082:1   warning  'Tone_core_Gain' is assigned a value but never used                        no-unused-vars
  4399:7   warning  'Signal' is assigned a value but never used                                no-unused-vars
  4471:11  warning  'f' is already defined                                                     no-redeclare
  4483:9   warning  'o' is assigned a value but never used                                     no-unused-vars
  4577:11  warning  'rampTime' is already defined                                              no-redeclare
  4578:11  warning  'tFromNow' is already defined                                              no-redeclare
  4621:11  warning  'rampTime' is already defined                                              no-redeclare
  4622:11  warning  'tFromNow' is already defined                                              no-redeclare
  4676:21  warning  Do not access Object.prototype method 'hasOwnProperty' from target object  no-prototype-builtins
  4689:50  warning  'unit' is defined but never used                                           no-unused-vars
  5315:9   warning  'now' is assigned a value but never used                                   no-unused-vars
  5590:41  warning  'unit' is defined but never used                                           no-unused-vars
  5664:9   warning  'now' is assigned a value but never used                                   no-unused-vars
  5666:9   warning  'susTime' is already defined                                               no-redeclare
  5984:43  warning  'unit' is defined but never used                                           no-unused-vars
  6044:9   warning  'now' is assigned a value but never used                                   no-unused-vars
  6049:17  warning  Empty block statement                                                      no-empty
  6052:7   warning  'mathOps' is not defined                                                   no-undef
  6199:11  warning  'rampTime' is already defined                                              no-redeclare
  6200:11  warning  'tFromNow' is already defined                                              no-redeclare
  6422:7   warning  'CustomError' is assigned a value but never used                           no-unused-vars
  6486:12  warning  Empty block statement                                                      no-empty
  6578:16  warning  Do not access Object.prototype method 'hasOwnProperty' from target object  no-prototype-builtins
  6580:23  warning  Do not access Object.prototype method 'hasOwnProperty' from target object  no-prototype-builtins
  6920:7   warning  'freq' is not defined                                                      no-undef
  6946:9   warning  'rampTime' is already defined                                              no-redeclare
  6947:9   warning  'tFromNow' is already defined                                              no-redeclare
  7024:7   warning  'Filter' is assigned a value but never used                                no-unused-vars
  7260:9   warning  'rampTime' is already defined                                              no-redeclare
  7261:9   warning  'tFromNow' is already defined                                              no-redeclare
  7429:9   warning  'rampTime' is already defined                                              no-redeclare
  7430:9   warning  'tFromNow' is already defined                                              no-redeclare
  7643:9   warning  'path' is already defined                                                  no-redeclare
  7664:19  warning  'e' is defined but never used                                              no-unused-vars
  7686:33  warning  'e' is defined but never used                                              no-unused-vars
  7827:1   warning  'Tone_core_TimelineState' is assigned a value but never used               no-unused-vars
  7986:7   warning  'ac' is assigned a value but never used                                    no-unused-vars
  8030:9   warning  'rampTime' is already defined                                              no-redeclare
  8035:41  warning  'tempo' is defined but never used                                          no-unused-vars
  8837:7   warning  'p5sound' is assigned a value but never used                               no-unused-vars
  8929:9   warning  'framesPerPeak' is defined but never used                                  no-unused-vars
  9174:9   warning  'rampTime' is already defined                                              no-redeclare
  9175:9   warning  'tFromNow' is already defined                                              no-redeclare
  9332:1   warning  'src_app' is assigned a value but never used                               no-unused-vars

/home/runner/work/exp-forging-hammer-impulse-excitation-nitk/exp-forging-hammer-impulse-excitation-nitk/experiment/simulation/js/page1.js
    1:5   warning  'showCodeBlock' is assigned a value but never used  no-unused-vars
    2:10  warning  'runPage1' is defined but never used                no-unused-vars
    3:3   warning  'background' is not defined                         no-undef
    6:3   warning  'fill' is not defined                               no-undef
    8:3   warning  'push' is not defined                               no-undef
    9:3   warning  'textSize' is not defined                           no-undef
   10:3   warning  'textFont' is not defined                           no-undef
   13:3   warning  'pop' is not defined                                no-undef
   15:3   warning  'push' is not defined                               no-undef
   16:3   warning  'stroke' is not defined                             no-undef
   18:5   warning  'point' is not defined                              no-undef
   22:5   warning  'point' is not defined                              no-undef
   25:3   warning  'pop' is not defined                                no-undef
   29:1   warning  'position_graph1' is not defined                    no-undef
   29:24  warning  'spring1' is not defined                            no-undef
   30:1   warning  'position_graph1' is not defined                    no-undef
   32:1   warning  'position_graph2' is not defined                    no-undef
   32:24  warning  'spring1' is not defined                            no-undef
   33:1   warning  'position_graph2' is not defined                    no-undef
   36:1   warning  'strokeWeight' is not defined                       no-undef
   38:43  warning  'spring1' is not defined                            no-undef
   39:43  warning  'spring1' is not defined                            no-undef
   40:46  warning  'spring1' is not defined                            no-undef
   40:57  warning  'spring1' is not defined                            no-undef
   41:45  warning  'spring1' is not defined                            no-undef
   41:57  warning  'spring1' is not defined                            no-undef
   42:44  warning  'abs' is not defined                                no-undef
   42:48  warning  'spring1' is not defined                            no-undef
   43:44  warning  'abs' is not defined                                no-undef
   43:48  warning  'spring1' is not defined                            no-undef
   44:47  warning  'spring1' is not defined                            no-undef
   44:58  warning  'spring1' is not defined                            no-undef
   45:46  warning  'abs' is not defined                                no-undef
   45:50  warning  'spring1' is not defined                            no-undef
   45:64  warning  'spring1' is not defined                            no-undef
   45:77  warning  'spring1' is not defined                            no-undef
   46:46  warning  'abs' is not defined                                no-undef
   46:50  warning  'spring1' is not defined                            no-undef
   46:64  warning  'spring1' is not defined                            no-undef
   46:77  warning  'spring1' is not defined                            no-undef
   48:1   warning  'spring1' is not defined                            no-undef
   48:20  warning  'F0' is not defined                                 no-undef
   48:24  warning  'k3' is not defined                                 no-undef
   48:27  warning  'k1' is not defined                                 no-undef
   48:30  warning  'm1' is not defined                                 no-undef
   48:33  warning  'k2' is not defined                                 no-undef
   48:36  warning  'm2' is not defined                                 no-undef
   48:40  warning  'x10' is not defined                                no-undef
   48:45  warning  'x20' is not defined                                no-undef
   49:1   warning  'spring1' is not defined                            no-undef
   49:16  warning  't' is not defined                                  no-undef
   49:19  warning  'factor' is not defined                             no-undef
   50:1   warning  'spring1' is not defined                            no-undef
   51:1   warning  'strokeWeight' is not defined                       no-undef
   52:1   warning  'line' is not defined                               no-undef
   52:7   warning  'spring1' is not defined                            no-undef
   52:35  warning  'spring1' is not defined                            no-undef
   52:63  warning  'position_graph1' is not defined                    no-undef
   52:92  warning  'position_graph1' is not defined                    no-undef
   53:1   warning  'line' is not defined                               no-undef
   53:7   warning  'spring1' is not defined                            no-undef
   53:35  warning  'spring1' is not defined                            no-undef
   53:63  warning  'position_graph2' is not defined                    no-undef
   53:92  warning  'position_graph2' is not defined                    no-undef
   55:3   warning  'k1' is not defined                                 no-undef
   55:8   warning  '$' is not defined                                  no-undef
   56:3   warning  'm1' is not defined                                 no-undef
   56:8   warning  '$' is not defined                                  no-undef
   57:3   warning  'k2' is not defined                                 no-undef
   57:8   warning  '$' is not defined                                  no-undef
   58:3   warning  'm2' is not defined                                 no-undef
   58:8   warning  '$' is not defined                                  no-undef
   59:3   warning  'k3' is not defined                                 no-undef
   59:8   warning  '$' is not defined                                  no-undef
   60:3   warning  'F0' is not defined                                 no-undef
   60:8   warning  '$' is not defined                                  no-undef
   61:3   warning  'x10' is not defined                                no-undef
   61:9   warning  '$' is not defined                                  no-undef
   62:3   warning  'x20' is not defined                                no-undef
   62:9   warning  '$' is not defined                                  no-undef
   66:3   warning  'strokeWeight' is not defined                       no-undef
   68:3   warning  '$' is not defined                                  no-undef
   72:3   warning  '$' is not defined                                  no-undef
   76:3   warning  '$' is not defined                                  no-undef
   80:3   warning  't' is not defined                                  no-undef
   80:7   warning  't' is not defined                                  no-undef
   80:11  warning  'dt' is not defined                                 no-undef
   82:9   warning  '$' is not defined                                  no-undef
   84:7   warning  '$' is not defined                                  no-undef
   99:7   warning  '$' is not defined                                  no-undef
  109:9   warning  '$' is not defined                                  no-undef
  111:7   warning  '$' is not defined                                  no-undef
  118:7   warning  '$' is not defined                                  no-undef
  130:3   warning  '$' is not defined                                  no-undef

/home/runner/work/exp-forging-hammer-impulse-excitation-nitk/exp-forging-hammer-impulse-excitation-nitk/experiment/simulation/js/page2.js
    1:10  warning  'runPage2' is defined but never used  no-unused-vars
    2:3   warning  'background' is not defined           no-undef
    6:6   warning  'spring1' is not defined              no-undef
    6:18  warning  'spring1' is not defined              no-undef
    9:5   warning  'textFont' is not defined             no-undef
   10:5   warning  'textSize' is not defined             no-undef
   11:5   warning  'strokeWeight' is not defined         no-undef
   12:5   warning  'text' is not defined                 no-undef
   14:5   warning  'text' is not defined                 no-undef
   15:5   warning  'text' is not defined                 no-undef
   16:5   warning  'strokeWeight' is not defined         no-undef
   17:5   warning  'stroke' is not defined               no-undef
   18:5   warning  'line' is not defined                 no-undef
   19:5   warning  'stroke' is not defined               no-undef
   20:5   warning  'line' is not defined                 no-undef
   20:23  warning  'spring1' is not defined              no-undef
   21:5   warning  'line' is not defined                 no-undef
   21:23  warning  'spring1' is not defined              no-undef
   22:5   warning  'stroke' is not defined               no-undef
   23:5   warning  'line' is not defined                 no-undef
   23:23  warning  'spring1' is not defined              no-undef
   24:5   warning  'line' is not defined                 no-undef
   24:15  warning  'spring1' is not defined              no-undef
   24:38  warning  'spring1' is not defined              no-undef
   25:5   warning  'line' is not defined                 no-undef
   25:15  warning  'spring1' is not defined              no-undef
   28:13  warning  'spring1' is not defined              no-undef
   28:27  warning  'spring1' is not defined              no-undef
   30:9   warning  'textFont' is not defined             no-undef
   31:9   warning  'textSize' is not defined             no-undef
   32:9   warning  'strokeWeight' is not defined         no-undef
   33:9   warning  'text' is not defined                 no-undef
   35:9   warning  'text' is not defined                 no-undef
   36:9   warning  'text' is not defined                 no-undef
   37:9   warning  'strokeWeight' is not defined         no-undef
   38:9   warning  'stroke' is not defined               no-undef
   39:9   warning  'line' is not defined                 no-undef
   40:9   warning  'stroke' is not defined               no-undef
   41:9   warning  'line' is not defined                 no-undef
   41:27  warning  'spring1' is not defined              no-undef
   42:9   warning  'line' is not defined                 no-undef
   42:27  warning  'spring1' is not defined              no-undef
   43:9   warning  'stroke' is not defined               no-undef
   44:9   warning  'line' is not defined                 no-undef
   44:26  warning  'spring1' is not defined              no-undef
   45:9   warning  'line' is not defined                 no-undef
   45:19  warning  'spring1' is not defined              no-undef
   45:42  warning  'spring1' is not defined              no-undef
   46:9   warning  'line' is not defined                 no-undef
   46:19  warning  'spring1' is not defined              no-undef
   51:5   warning  'textFont' is not defined             no-undef
   52:5   warning  'textSize' is not defined             no-undef
   53:5   warning  'strokeWeight' is not defined         no-undef
   54:5   warning  'text' is not defined                 no-undef
   56:7   warning  'strokeWeight' is not defined         no-undef
   57:5   warning  'stroke' is not defined               no-undef
   58:5   warning  'line' is not defined                 no-undef
   60:5   warning  'line' is not defined                 no-undef
   62:5   warning  'textSize' is not defined             no-undef
   63:5   warning  'fill' is not defined                 no-undef
   64:5   warning  'text' is not defined                 no-undef
   65:5   warning  'text' is not defined                 no-undef
   69:5   warning  'strokeWeight' is not defined         no-undef
   70:5   warning  'stroke' is not defined               no-undef
   71:5   warning  'line' is not defined                 no-undef
   72:5   warning  'stroke' is not defined               no-undef
   73:5   warning  'line' is not defined                 no-undef
   73:33  warning  'spring1' is not defined              no-undef
   74:5   warning  'line' is not defined                 no-undef
   74:33  warning  'spring1' is not defined              no-undef
   75:5   warning  'stroke' is not defined               no-undef
   76:5   warning  'line' is not defined                 no-undef
   76:33  warning  'spring1' is not defined              no-undef
   77:5   warning  'line' is not defined                 no-undef
   77:23  warning  'spring1' is not defined              no-undef
   77:52  warning  'spring1' is not defined              no-undef
   78:5   warning  'line' is not defined                 no-undef
   78:23  warning  'spring1' is not defined              no-undef
   85:3   warning  'strokeWeight' is not defined         no-undef
   86:5   warning  'spring1' is not defined              no-undef
   86:24  warning  'F0' is not defined                   no-undef
   86:28  warning  'k3' is not defined                   no-undef
   86:31  warning  'k1' is not defined                   no-undef
   86:34  warning  'm1' is not defined                   no-undef
   86:37  warning  'k2' is not defined                   no-undef
   86:40  warning  'm2' is not defined                   no-undef
   86:44  warning  'x10' is not defined                  no-undef
   86:49  warning  'x20' is not defined                  no-undef
   87:5   warning  'spring1' is not defined              no-undef
   87:20  warning  't' is not defined                    no-undef
   87:22  warning  'factor' is not defined               no-undef
   89:3   warning  'stroke' is not defined               no-undef
   90:3   warning  'fill' is not defined                 no-undef
   91:45  warning  'spring1' is not defined              no-undef
   92:43  warning  'spring1' is not defined              no-undef
   93:45  warning  'spring1' is not defined              no-undef
   93:57  warning  'spring1' is not defined              no-undef
   94:45  warning  'spring1' is not defined              no-undef
   94:57  warning  'spring1' is not defined              no-undef
   95:44  warning  'abs' is not defined                  no-undef
   95:48  warning  'spring1' is not defined              no-undef
   96:44  warning  'abs' is not defined                  no-undef
   96:48  warning  'spring1' is not defined              no-undef
   97:46  warning  'spring1' is not defined              no-undef
   97:59  warning  'spring1' is not defined              no-undef
   98:46  warning  'abs' is not defined                  no-undef
   98:50  warning  'spring1' is not defined              no-undef
   98:64  warning  'spring1' is not defined              no-undef
   98:77  warning  'spring1' is not defined              no-undef
   99:46  warning  'abs' is not defined                  no-undef
   99:50  warning  'spring1' is not defined              no-undef
   99:64  warning  'spring1' is not defined              no-undef
   99:77  warning  'spring1' is not defined              no-undef
  101:1   warning  'k1' is not defined                   no-undef
  101:6   warning  '$' is not defined                    no-undef
  102:1   warning  'm1' is not defined                   no-undef
  102:6   warning  '$' is not defined                    no-undef
  103:1   warning  'k2' is not defined                   no-undef
  103:6   warning  '$' is not defined                    no-undef
  104:1   warning  'm2' is not defined                   no-undef
  104:6   warning  '$' is not defined                    no-undef
  105:1   warning  'k3' is not defined                   no-undef
  105:6   warning  '$' is not defined                    no-undef
  106:1   warning  'F0' is not defined                   no-undef
  106:6   warning  '$' is not defined                    no-undef
  107:1   warning  'x10' is not defined                  no-undef
  107:7   warning  '$' is not defined                    no-undef
  108:1   warning  'x20' is not defined                  no-undef
  108:7   warning  '$' is not defined                    no-undef
  110:3   warning  'push' is not defined                 no-undef
  113:3   warning  'magFac1' is not defined              no-undef
  116:3   warning  't' is not defined                    no-undef
  116:7   warning  't' is not defined                    no-undef
  116:11  warning  'dt' is not defined                   no-undef
  119:9   warning  '$' is not defined                    no-undef
  121:7   warning  '$' is not defined                    no-undef
  129:7   warning  '$' is not defined                    no-undef
  145:3   warning  '$' is not defined                    no-undef

/home/runner/work/exp-forging-hammer-impulse-excitation-nitk/exp-forging-hammer-impulse-excitation-nitk/experiment/simulation/js/page3.js
    1:10  warning  'runPage3' is defined but never used  no-unused-vars
    2:3   warning  'background' is not defined           no-undef
    5:3   warning  'stroke' is not defined               no-undef
    6:3   warning  'fill' is not defined                 no-undef
    8:3   warning  'push' is not defined                 no-undef
   10:3   warning  'pop' is not defined                  no-undef
   12:3   warning  'textSize' is not defined             no-undef
   13:3   warning  'strokeWeight' is not defined         no-undef
   14:3   warning  'text' is not defined                 no-undef
   16:3   warning  'magFac1' is not defined              no-undef
   17:5   warning  'magFac1' is not defined              no-undef
   20:5   warning  'magFac2' is not defined              no-undef
   21:5   warning  'magFac2' is not defined              no-undef
   23:5   warning  'stroke' is not defined               no-undef
   24:5   warning  'strokeWeight' is not defined         no-undef
   25:5   warning  'line' is not defined                 no-undef
   26:5   warning  'stroke' is not defined               no-undef
   27:5   warning  'strokeWeight' is not defined         no-undef
   28:5   warning  'textSize' is not defined             no-undef
   29:5   warning  'text' is not defined                 no-undef
   31:5   warning  'stroke' is not defined               no-undef
   32:5   warning  'strokeWeight' is not defined         no-undef
   33:5   warning  'line' is not defined                 no-undef
   34:5   warning  'stroke' is not defined               no-undef
   35:5   warning  'strokeWeight' is not defined         no-undef
   36:5   warning  'textSize' is not defined             no-undef
   37:5   warning  'text' is not defined                 no-undef
   41:5   warning  'text' is not defined                 no-undef
   42:5   warning  'text' is not defined                 no-undef
   43:5   warning  'stroke' is not defined               no-undef
   44:5   warning  'strokeWeight' is not defined         no-undef
   45:5   warning  'point' is not defined                no-undef
   46:5   warning  'strokeWeight' is not defined         no-undef
   48:5   warning  'stroke' is not defined               no-undef
   49:5   warning  'strokeWeight' is not defined         no-undef
   50:5   warning  'point' is not defined                no-undef
   51:5   warning  'strokeWeight' is not defined         no-undef
   55:3   warning  'strokeWeight' is not defined         no-undef
   56:5   warning  'spring1' is not defined              no-undef
   56:24  warning  'F0' is not defined                   no-undef
   56:28  warning  'k3' is not defined                   no-undef
   56:31  warning  'k1' is not defined                   no-undef
   56:34  warning  'm1' is not defined                   no-undef
   56:37  warning  'k2' is not defined                   no-undef
   56:40  warning  'm2' is not defined                   no-undef
   56:44  warning  'x10' is not defined                  no-undef
   56:50  warning  'x20' is not defined                  no-undef
   57:5   warning  'spring1' is not defined              no-undef
   57:20  warning  't' is not defined                    no-undef
   57:23  warning  'factor' is not defined               no-undef
   59:5   warning  'stroke' is not defined               no-undef
   60:5   warning  'strokeWeight' is not defined         no-undef
   61:5   warning  'point' is not defined                no-undef
   61:16  warning  'spring1' is not defined              no-undef
   63:5   warning  'stroke' is not defined               no-undef
   64:5   warning  'strokeWeight' is not defined         no-undef
   65:5   warning  'point' is not defined                no-undef
   65:17  warning  'spring1' is not defined              no-undef
   67:5   warning  'strokeWeight' is not defined         no-undef
   74:3   warning  'stroke' is not defined               no-undef
   75:3   warning  'fill' is not defined                 no-undef
   76:45  warning  'spring1' is not defined              no-undef
   77:43  warning  'spring1' is not defined              no-undef
   78:45  warning  'spring1' is not defined              no-undef
   78:57  warning  'spring1' is not defined              no-undef
   79:45  warning  'spring1' is not defined              no-undef
   79:57  warning  'spring1' is not defined              no-undef
   80:44  warning  'abs' is not defined                  no-undef
   80:48  warning  'spring1' is not defined              no-undef
   81:44  warning  'abs' is not defined                  no-undef
   81:48  warning  'spring1' is not defined              no-undef
   82:46  warning  'spring1' is not defined              no-undef
   82:59  warning  'spring1' is not defined              no-undef
   83:46  warning  'abs' is not defined                  no-undef
   83:50  warning  'spring1' is not defined              no-undef
   83:64  warning  'spring1' is not defined              no-undef
   83:77  warning  'spring1' is not defined              no-undef
   84:46  warning  'abs' is not defined                  no-undef
   84:50  warning  'spring1' is not defined              no-undef
   84:64  warning  'spring1' is not defined              no-undef
   84:77  warning  'spring1' is not defined              no-undef
   86:1   warning  'k1' is not defined                   no-undef
   86:6   warning  '$' is not defined                    no-undef
   87:1   warning  'm1' is not defined                   no-undef
   87:6   warning  '$' is not defined                    no-undef
   88:1   warning  'k2' is not defined                   no-undef
   88:6   warning  '$' is not defined                    no-undef
   89:1   warning  'm2' is not defined                   no-undef
   89:6   warning  '$' is not defined                    no-undef
   90:1   warning  'k3' is not defined                   no-undef
   90:6   warning  '$' is not defined                    no-undef
   91:1   warning  'F0' is not defined                   no-undef
   91:6   warning  '$' is not defined                    no-undef
   92:1   warning  'x10' is not defined                  no-undef
   92:7   warning  '$' is not defined                    no-undef
   93:1   warning  'x20' is not defined                  no-undef
   93:7   warning  '$' is not defined                    no-undef
   95:3   warning  'push' is not defined                 no-undef
  101:3   warning  't' is not defined                    no-undef
  101:7   warning  't' is not defined                    no-undef
  101:11  warning  'dt' is not defined                   no-undef
  104:9   warning  '$' is not defined                    no-undef
  106:7   warning  '$' is not defined                    no-undef
  113:7   warning  '$' is not defined                    no-undef
  125:3   warning  '$' is not defined                    no-undef

/home/runner/work/exp-forging-hammer-impulse-excitation-nitk/exp-forging-hammer-impulse-excitation-nitk/experiment/simulation/js/script1.js
    1:5   warning  'F0' is assigned a value but never used          no-unused-vars
    1:9   warning  'w' is defined but never used                    no-unused-vars
    1:12  warning  'k1' is assigned a value but never used          no-unused-vars
    1:16  warning  'm1' is assigned a value but never used          no-unused-vars
    1:20  warning  'k2' is assigned a value but never used          no-unused-vars
    1:24  warning  'm2' is assigned a value but never used          no-unused-vars
    3:5   warning  'rotstatus' is assigned a value but never used   no-unused-vars
    4:10  warning  'startsim' is defined but never used             no-unused-vars
   53:10  warning  'enableRefreshButton' is defined but never used  no-unused-vars
   74:10  warning  'varinit' is defined but never used              no-unused-vars
   78:3   warning  '$' is not defined                               no-undef
   79:5   warning  'validatePositiveInput' is not defined           no-undef
   82:3   warning  '$' is not defined                               no-undef
   83:5   warning  'validatePositiveInput' is not defined           no-undef
   86:3   warning  '$' is not defined                               no-undef
   87:5   warning  'validatePositiveInput' is not defined           no-undef
   90:3   warning  '$' is not defined                               no-undef
   91:5   warning  'validatePositiveInput' is not defined           no-undef
   94:3   warning  '$' is not defined                               no-undef
   95:5   warning  'validatePositiveInput' is not defined           no-undef
   98:3   warning  '$' is not defined                               no-undef
   99:5   warning  'validatePositiveInput' is not defined           no-undef
  102:3   warning  '$' is not defined                               no-undef
  103:5   warning  'validatePositiveInput' is not defined           no-undef
  106:3   warning  '$' is not defined                               no-undef
  107:5   warning  'validatePositiveInput' is not defined           no-undef
  111:5   warning  '$' is not defined                               no-undef
  112:5   warning  '$' is not defined                               no-undef
  114:5   warning  '$' is not defined                               no-undef
  115:5   warning  '$' is not defined                               no-undef
  117:5   warning  '$' is not defined                               no-undef
  118:5   warning  '$' is not defined                               no-undef
  120:5   warning  '$' is not defined                               no-undef
  121:5   warning  '$' is not defined                               no-undef
  123:5   warning  '$' is not defined                               no-undef
  124:5   warning  '$' is not defined                               no-undef
  126:5   warning  '$' is not defined                               no-undef
  127:5   warning  '$' is not defined                               no-undef
  129:5   warning  '$' is not defined                               no-undef
  130:5   warning  '$' is not defined                               no-undef
  132:5   warning  '$' is not defined                               no-undef
  133:5   warning  '$' is not defined                               no-undef
  143:3   warning  '$' is not defined                               no-undef
  146:3   warning  '$' is not defined                               no-undef
  149:3   warning  '$' is not defined                               no-undef
  150:5   warning  '$' is not defined                               no-undef
  151:5   warning  'ptx' is not defined                             no-undef
  152:5   warning  'pty' is not defined                             no-undef
  154:3   warning  '$' is not defined                               no-undef
  155:5   warning  '$' is not defined                               no-undef
  156:5   warning  'ptx' is not defined                             no-undef
  157:5   warning  'pty' is not defined                             no-undef
  159:3   warning  '$' is not defined                               no-undef
  163:3   warning  '$' is not defined                               no-undef
  166:3   warning  '$' is not defined                               no-undef
  169:3   warning  '$' is not defined                               no-undef
  170:5   warning  '$' is not defined                               no-undef
  171:5   warning  'ptx' is not defined                             no-undef
  172:5   warning  'pty' is not defined                             no-undef
  174:3   warning  '$' is not defined                               no-undef
  175:5   warning  '$' is not defined                               no-undef
  176:5   warning  'ptx' is not defined                             no-undef
  177:5   warning  'pty' is not defined                             no-undef
  179:3   warning  '$' is not defined                               no-undef
  183:3   warning  '$' is not defined                               no-undef
  185:3   warning  '$' is not defined                               no-undef
  188:3   warning  '$' is not defined                               no-undef
  189:5   warning  '$' is not defined                               no-undef
  190:5   warning  'ptx' is not defined                             no-undef
  191:5   warning  'pty' is not defined                             no-undef
  193:3   warning  '$' is not defined                               no-undef
  194:5   warning  '$' is not defined                               no-undef
  195:5   warning  'ptx' is not defined                             no-undef
  196:5   warning  'pty' is not defined                             no-undef
  198:3   warning  '$' is not defined                               no-undef
  202:3   warning  '$' is not defined                               no-undef
  204:3   warning  '$' is not defined                               no-undef
  207:3   warning  '$' is not defined                               no-undef
  208:5   warning  '$' is not defined                               no-undef
  209:5   warning  'ptx' is not defined                             no-undef
  210:5   warning  'pty' is not defined                             no-undef
  212:3   warning  '$' is not defined                               no-undef
  213:5   warning  '$' is not defined                               no-undef
  214:5   warning  'ptx' is not defined                             no-undef
  215:5   warning  'pty' is not defined                             no-undef
  217:3   warning  '$' is not defined                               no-undef
  221:3   warning  '$' is not defined                               no-undef
  223:3   warning  '$' is not defined                               no-undef
  226:3   warning  '$' is not defined                               no-undef
  227:5   warning  '$' is not defined                               no-undef
  228:5   warning  'ptx' is not defined                             no-undef
  229:5   warning  'pty' is not defined                             no-undef
  231:3   warning  '$' is not defined                               no-undef
  232:5   warning  '$' is not defined                               no-undef
  233:5   warning  'ptx' is not defined                             no-undef
  234:5   warning  'pty' is not defined                             no-undef
  236:3   warning  '$' is not defined                               no-undef
  240:3   warning  '$' is not defined                               no-undef
  242:3   warning  '$' is not defined                               no-undef
  245:3   warning  '$' is not defined                               no-undef
  246:5   warning  '$' is not defined                               no-undef
  247:5   warning  'ptx' is not defined                             no-undef
  248:5   warning  'pty' is not defined                             no-undef
  250:3   warning  '$' is not defined                               no-undef
  251:5   warning  '$' is not defined                               no-undef
  252:5   warning  'ptx' is not defined                             no-undef
  253:5   warning  'pty' is not defined                             no-undef
  255:3   warning  '$' is not defined                               no-undef
  261:3   warning  '$' is not defined                               no-undef
  263:3   warning  '$' is not defined                               no-undef
  266:3   warning  '$' is not defined                               no-undef
  267:5   warning  '$' is not defined                               no-undef
  268:5   warning  'ptx' is not defined                             no-undef
  269:5   warning  'pty' is not defined                             no-undef
  271:3   warning  '$' is not defined                               no-undef
  272:5   warning  '$' is not defined                               no-undef
  273:5   warning  'ptx' is not defined                             no-undef
  274:5   warning  'pty' is not defined                             no-undef
  276:3   warning  '$' is not defined                               no-undef
  281:3   warning  '$' is not defined                               no-undef
  283:3   warning  '$' is not defined                               no-undef
  286:3   warning  '$' is not defined                               no-undef
  287:5   warning  '$' is not defined                               no-undef
  288:5   warning  'ptx' is not defined                             no-undef
  289:5   warning  'pty' is not defined                             no-undef
  291:3   warning  '$' is not defined                               no-undef
  292:5   warning  '$' is not defined                               no-undef
  293:5   warning  'ptx' is not defined                             no-undef
  294:5   warning  'pty' is not defined                             no-undef
  296:3   warning  '$' is not defined                               no-undef
  306:3   warning  '$' is not defined                               no-undef
  306:33  warning  '$' is not defined                               no-undef
  307:3   warning  '$' is not defined                               no-undef
  307:37  warning  '$' is not defined                               no-undef
  308:3   warning  '$' is not defined                               no-undef
  308:34  warning  '$' is not defined                               no-undef
  309:3   warning  '$' is not defined                               no-undef
  309:34  warning  '$' is not defined                               no-undef
  310:3   warning  '$' is not defined                               no-undef
  310:34  warning  '$' is not defined                               no-undef
  311:3   warning  '$' is not defined                               no-undef
  311:34  warning  '$' is not defined                               no-undef
  312:8   warning  '$' is not defined                               no-undef
  313:8   warning  '$' is not defined                               no-undef
  314:8   warning  '$' is not defined                               no-undef
  315:8   warning  '$' is not defined                               no-undef
  316:3   warning  'k3' is not defined                              no-undef
  316:8   warning  '$' is not defined                               no-undef
  317:8   warning  '$' is not defined                               no-undef
  318:3   warning  'x10' is not defined                             no-undef
  318:9   warning  '$' is not defined                               no-undef
  319:3   warning  'x20' is not defined                             no-undef
  319:9   warning  '$' is not defined                               no-undef
  326:10  warning  'movetoTop' is defined but never used            no-unused-vars

/home/runner/work/exp-forging-hammer-impulse-excitation-nitk/exp-forging-hammer-impulse-excitation-nitk/experiment/simulation/js/sketch.js
    4:5   warning  'width' is assigned a value but never used            no-unused-vars
    5:5   warning  'height' is assigned a value but never used           no-unused-vars
    8:5   warning  't' is assigned a value but never used                no-unused-vars
    9:5   warning  'dt' is assigned a value but never used               no-unused-vars
   14:5   warning  'J' is defined but never used                         no-unused-vars
   17:5   warning  'position_graph1' is assigned a value but never used  no-unused-vars
   18:5   warning  'position_graph2' is assigned a value but never used  no-unused-vars
   19:5   warning  'magFac' is defined but never used                    no-unused-vars
   37:5   warning  'factor' is assigned a value but never used           no-unused-vars
   40:5   warning  'img' is defined but never used                       no-unused-vars
   41:5   warning  'button1' is defined but never used                   no-unused-vars
   42:5   warning  'button2' is defined but never used                   no-unused-vars
   43:5   warning  'button3' is defined but never used                   no-unused-vars
   44:5   warning  'button4' is defined but never used                   no-unused-vars
   45:5   warning  'button5' is defined but never used                   no-unused-vars
   46:5   warning  'spr' is assigned a value but never used              no-unused-vars
   56:5   warning  'touch' is assigned a value but never used            no-unused-vars
   57:5   warning  'simTimeId' is defined but never used                 no-unused-vars
   60:5   warning  'clear' is defined but never used                     no-unused-vars
   61:5   warning  'gt' is defined but never used                        no-unused-vars
   62:5   warning  'bluec' is defined but never used                     no-unused-vars
   64:10  warning  'preload' is defined but never used                   no-unused-vars
   70:9   warning  'loadImage' is not defined                            no-undef
   71:3   warning  '$' is not defined                                    no-undef
   75:3   warning  '$' is not defined                                    no-undef
   79:3   warning  '$' is not defined                                    no-undef
   88:10  warning  'setup' is defined but never used                     no-unused-vars
   95:22  warning  'createCanvas' is not defined                         no-undef
   98:17  warning  'System' is not defined                               no-undef
  101:27  warning  'Graph' is not defined                                no-undef
  103:27  warning  'Graph' is not defined                                no-undef
  105:19  warning  'DynamicGraph' is not defined                         no-undef
  105:75  warning  'System' is not defined                               no-undef
  106:19  warning  'DynamicGraph' is not defined                         no-undef
  106:77  warning  'System' is not defined                               no-undef
  114:44  warning  'abs' is not defined                                  no-undef
  115:44  warning  'abs' is not defined                                  no-undef
  117:46  warning  'abs' is not defined                                  no-undef
  118:46  warning  'abs' is not defined                                  no-undef
  119:3   warning  'varinit' is not defined                              no-undef
  120:3   warning  'k1' is not defined                                   no-undef
  120:8   warning  '$' is not defined                                    no-undef
  121:3   warning  'm1' is not defined                                   no-undef
  121:8   warning  '$' is not defined                                    no-undef
  122:3   warning  'k2' is not defined                                   no-undef
  122:8   warning  '$' is not defined                                    no-undef
  123:3   warning  'm2' is not defined                                   no-undef
  123:8   warning  '$' is not defined                                    no-undef
  124:3   warning  'k3' is not defined                                   no-undef
  124:8   warning  '$' is not defined                                    no-undef
  125:3   warning  'F0' is not defined                                   no-undef
  125:8   warning  '$' is not defined                                    no-undef
  126:3   warning  'x10' is not defined                                  no-undef
  126:9   warning  '$' is not defined                                    no-undef
  127:3   warning  'x20' is not defined                                  no-undef
  127:9   warning  '$' is not defined                                    no-undef
  131:10  warning  'draw' is defined but never used                      no-unused-vars
  133:5   warning  'runPage1' is not defined                             no-undef
  137:5   warning  'runPage2' is not defined                             no-undef
  141:5   warning  'runPage3' is not defined                             no-undef
  146:10  warning  'simstate' is defined but never used                  no-unused-vars
  148:3   warning  'imgfilename' is assigned a value but never used      no-unused-vars
  154:5   warning  'noLoop' is not defined                               no-undef
  159:5   warning  'loop' is not defined                                 no-undef
  170:10  warning  'screenchangePhase' is defined but never used         no-unused-vars
  179:10  warning  'screenchangeMag' is defined but never used           no-unused-vars
  187:5   warning  'runPage2' is not defined                             no-undef
  192:5   warning  '$' is not defined                                    no-undef
  196:5   warning  '$' is not defined                                    no-undef
  200:5   warning  '$' is not defined                                    no-undef
  209:5   warning  'runPage3' is not defined                             no-undef
  213:5   warning  '$' is not defined                                    no-undef
  217:5   warning  '$' is not defined                                    no-undef
  221:5   warning  '$' is not defined                                    no-undef
  231:5   warning  'runPage1' is not defined                             no-undef
  235:5   warning  '$' is not defined                                    no-undef
  239:5   warning  '$' is not defined                                    no-undef
  243:5   warning  '$' is not defined                                    no-undef
  251:10  warning  'screenChangePrevious' is defined but never used      no-unused-vars
  259:5   warning  'runPage1' is not defined                             no-undef
  269:5   warning  'runPage2' is not defined                             no-undef
  282:5   warning  'runPage3' is not defined                             no-undef
  291:10  warning  'phaseAngleGraph' is defined but never used           no-unused-vars
  296:3   warning  'runPage2' is not defined                             no-undef
  302:10  warning  'magnitudeGraph' is defined but never used            no-unused-vars
  307:3   warning  'runPage3' is not defined                             no-undef

/home/runner/work/exp-forging-hammer-impulse-excitation-nitk/exp-forging-hammer-impulse-excitation-nitk/experiment/simulation/js/system.js
    1:7   warning  'System' is defined but never used  no-unused-vars
   78:18  warning  'this.x1' is assigned to itself     no-self-assign
   79:17  warning  'this.x2' is assigned to itself     no-self-assign
  107:7   warning  'push' is not defined               no-undef
  108:17  warning  'spr' is not defined                no-undef
  109:17  warning  'spr' is not defined                no-undef
  110:7   warning  'textSize' is not defined           no-undef
  111:7   warning  'fill' is not defined               no-undef
  148:15  warning  'rectMode' is not defined           no-undef
  148:24  warning  'CENTER' is not defined             no-undef
  149:15  warning  'fill' is not defined               no-undef
  150:15  warning  'rect' is not defined               no-undef
  151:15  warning  'fill' is not defined               no-undef
  152:15  warning  'text' is not defined               no-undef
  158:7   warning  'image' is not defined              no-undef
  158:13  warning  'spr' is not defined                no-undef
  159:7   warning  'fill' is not defined               no-undef
  160:7   warning  'textSize' is not defined           no-undef
  161:7   warning  'text' is not defined               no-undef
  162:7   warning  'image' is not defined              no-undef
  162:13  warning  'spr' is not defined                no-undef
  164:7   warning  'fill' is not defined               no-undef
  165:7   warning  'textSize' is not defined           no-undef
  166:7   warning  'text' is not defined               no-undef
  169:7   warning  'rectMode' is not defined           no-undef
  169:16  warning  'CENTER' is not defined             no-undef
  170:7   warning  'fill' is not defined               no-undef
  171:7   warning  'rect' is not defined               no-undef
  174:7   warning  'rect' is not defined               no-undef
  175:7   warning  'stroke' is not defined             no-undef
  176:7   warning  'strokeWeight' is not defined       no-undef
  177:7   warning  'fill' is not defined               no-undef
  178:7   warning  'rectMode' is not defined           no-undef
  178:16  warning  'CENTER' is not defined             no-undef
  179:7   warning  'fill' is not defined               no-undef
  180:7   warning  'rect' is not defined               no-undef
  181:7   warning  'fill' is not defined               no-undef
  182:7   warning  'textSize' is not defined           no-undef
  183:7   warning  'text' is not defined               no-undef
  184:7   warning  'rectMode' is not defined           no-undef
  184:16  warning  'CENTER' is not defined             no-undef
  185:7   warning  'fill' is not defined               no-undef
  186:7   warning  'rect' is not defined               no-undef
  187:7   warning  'fill' is not defined               no-undef
  188:7   warning  'textSize' is not defined           no-undef
  189:7   warning  'text' is not defined               no-undef
  191:7   warning  'fill' is not defined               no-undef
  201:7   warning  'pop' is not defined                no-undef
  215:11  warning  'abs' is not defined                no-undef
  216:18  warning  'abs' is not defined                no-undef
  228:11  warning  'abs' is not defined                no-undef
  229:18  warning  'abs' is not defined                no-undef

 1073 problems (0 errors, 1073 warnings)
  0 errors and 2 warnings potentially fixable with the `--fix` option.

